21:14:17.286 INFO  [restartedMain]c.e.g.GlobalMealsGradleApplication - Starting GlobalMealsGradleApplication using Java 21.0.10 with PID 34956 (C:\Users\USER\Desktop\global meals\global_meals_gradle\bin\main started by USER in C:\Users\USER\Desktop\global meals\global_meals_gradle)
21:14:17.290 INFO  [restartedMain]c.e.g.GlobalMealsGradleApplication - The following 1 profile is active: "secrets"
21:14:17.361 INFO  [restartedMain]o.s.b.d.env.DevToolsPropertyDefaultsPostProcessor - Devtools property defaults active! Set 'spring.devtools.add-properties' to 'false' to disable
21:14:17.362 INFO  [restartedMain]o.s.b.d.env.DevToolsPropertyDefaultsPostProcessor - For additional web related logging consider setting the 'logging.level.web' property to 'DEBUG'
21:14:17.768 INFO  [background-preinit]org.hibernate.validator.internal.util.Version - HV000001: Hibernate Validator 9.0.1.Final
21:14:18.452 INFO  [restartedMain]o.s.d.r.config.RepositoryConfigurationDelegate - Bootstrapping Spring Data JPA repositories in DEFAULT mode.
21:14:18.556 INFO  [restartedMain]o.s.d.r.config.RepositoryConfigurationDelegate - Finished Spring Data repository scanning in 90 ms. Found 15 JPA repository interfaces.
21:14:19.336 INFO  [restartedMain]org.springframework.boot.tomcat.TomcatWebServer - Tomcat initialized with port 8080 (http)
21:14:19.353 INFO  [restartedMain]org.apache.coyote.http11.Http11NioProtocol - Initializing ProtocolHandler ["http-nio-8080"]
21:14:19.357 INFO  [restartedMain]org.apache.catalina.core.StandardService - Starting service [Tomcat]
21:14:19.357 INFO  [restartedMain]org.apache.catalina.core.StandardEngine - Starting Servlet engine: [Apache Tomcat/11.0.18]
21:14:19.432 INFO  [restartedMain]o.s.b.w.c.servlet.WebApplicationContextInitializer - Root WebApplicationContext: initialization completed in 2068 ms
21:14:19.683 INFO  [restartedMain]com.zaxxer.hikari.HikariDataSource - HikariPool-1 - Starting...
21:14:19.856 INFO  [restartedMain]com.zaxxer.hikari.pool.HikariPool - HikariPool-1 - Added connection com.mysql.cj.jdbc.ConnectionImpl@652c682e
21:14:19.857 INFO  [restartedMain]com.zaxxer.hikari.HikariDataSource - HikariPool-1 - Start completed.
21:14:19.892 INFO  [restartedMain]org.hibernate.orm.jpa - HHH008540: Processing PersistenceUnitInfo [name: default]
21:14:19.976 INFO  [restartedMain]org.hibernate.orm.core - HHH000001: Hibernate ORM core version 7.2.7.Final
21:14:20.480 INFO  [restartedMain]o.s.o.j.persistenceunit.SpringPersistenceUnitInfo - No LoadTimeWeaver setup: ignoring JPA class transformer
21:14:20.616 INFO  [restartedMain]org.hibernate.orm.connections.pooling - HHH10001005: Database info:
	Database JDBC URL [jdbc:mysql://localhost:3306/global_meals?serverTimezone=GMT%2B8&useSSL=false&rewriteBatchedStatements=true]
	Database driver: MySQL Connector/J
	Database dialect: MySQLDialect
	Database version: 8.0.45
	Default catalog/schema: global_meals/undefined
	Autocommit mode: undefined/unknown
	Isolation level: REPEATABLE_READ [default REPEATABLE_READ]
	JDBC fetch size: none
	Pool: DataSourceConnectionProvider
	Minimum pool size: undefined/unknown
	Maximum pool size: undefined/unknown
21:14:20.990 WARN  [restartedMain]org.hibernate.orm.core - HHH000038: Composite id class does not override equals(): com.example.global_meals_gradle.entity.OrdersId
21:14:21.696 INFO  [restartedMain]org.hibernate.orm.core - HHH000489: No JTA platform available (set 'hibernate.transaction.jta.platform' to enable JTA platform integration)
21:14:21.705 INFO  [restartedMain]o.s.orm.jpa.LocalContainerEntityManagerFactoryBean - Initialized JPA EntityManagerFactory for persistence unit 'default'
21:14:21.802 INFO  [restartedMain]o.s.d.jpa.repository.query.QueryEnhancerFactories - Hibernate is in classpath; If applicable, HQL parser will be used.
21:14:22.608 WARN  [restartedMain]o.s.b.j.a.JpaBaseConfiguration$JpaWebConfiguration - spring.jpa.open-in-view is enabled by default. Therefore, database queries may be performed during view rendering. Explicitly configure spring.jpa.open-in-view to disable this warning
21:14:22.804 DEBUG [restartedMain]o.s.w.s.m.m.a.RequestMappingHandlerMapping - 56 mappings in 'requestMappingHandlerMapping'
21:14:22.853 DEBUG [restartedMain]o.s.web.servlet.handler.SimpleUrlHandlerMapping - Patterns [/webjars/**, /**, /swagger-ui/**, /swagger-ui/*swagger-initializer.js, /webjars/*swagger-ui/**, /webjars/*swagger-ui/*swagger-initializer.js, /webjars/*swagger-ui/5.32.0/*swagger-initializer.js] in 'resourceHandlerMapping'
21:14:22.892 DEBUG [restartedMain]o.s.w.s.m.m.a.RequestMappingHandlerAdapter - ControllerAdvice beans: 0 @ModelAttribute, 0 @InitBinder, 2 RequestBodyAdvice, 1 ResponseBodyAdvice
21:14:22.954 DEBUG [restartedMain]o.s.w.s.m.m.a.ExceptionHandlerExceptionResolver - ControllerAdvice beans: 1 @ExceptionHandler, 1 ResponseBodyAdvice
21:14:23.225 INFO  [restartedMain]org.apache.coyote.http11.Http11NioProtocol - Starting ProtocolHandler ["http-nio-8080"]
21:14:23.247 INFO  [restartedMain]org.springframework.boot.tomcat.TomcatWebServer - Tomcat started on port 8080 (http) with context path '/'
21:14:23.264 INFO  [restartedMain]c.e.g.GlobalMealsGradleApplication - Started GlobalMealsGradleApplication in 6.75 seconds (process running for 7.951)
21:14:23.268 WARN  [restartedMain]org.springdoc.core.events.SpringDocAppInitializer - SpringDoc /v3/api-docs endpoint is enabled by default. To disable it in production, set the property 'springdoc.api-docs.enabled=false'
21:14:23.269 WARN  [restartedMain]org.springdoc.core.events.SpringDocAppInitializer - SpringDoc /swagger-ui.html endpoint is enabled by default. To disable it in production, set the property 'springdoc.swagger-ui.enabled=false'
